2020-04-17 12:55:26,733 INFO  org.apache.flink.runtime.taskexecutor.TaskManagerRunner       - --------------------------------------------------------------------------------
2020-04-17 12:55:26,735 INFO  org.apache.flink.runtime.taskexecutor.TaskManagerRunner       -  Starting TaskManager (Version: 1.8.0, Rev:4caec0d, Date:03.04.2019 @ 13:25:54 PDT)
2020-04-17 12:55:26,735 INFO  org.apache.flink.runtime.taskexecutor.TaskManagerRunner       -  OS current user: wlg
2020-04-17 12:55:26,735 INFO  org.apache.flink.runtime.taskexecutor.TaskManagerRunner       -  Current Hadoop/Kerberos user: <no hadoop dependency found>
2020-04-17 12:55:26,736 INFO  org.apache.flink.runtime.taskexecutor.TaskManagerRunner       -  JVM: Java HotSpot(TM) 64-Bit Server VM - Oracle Corporation - 1.8/25.131-b11
2020-04-17 12:55:26,736 INFO  org.apache.flink.runtime.taskexecutor.TaskManagerRunner       -  Maximum heap size: 448 MiBytes
2020-04-17 12:55:26,736 INFO  org.apache.flink.runtime.taskexecutor.TaskManagerRunner       -  JAVA_HOME: /home/wlg/java/jdk1.8.0_131
2020-04-17 12:55:26,736 INFO  org.apache.flink.runtime.taskexecutor.TaskManagerRunner       -  No Hadoop Dependency available
2020-04-17 12:55:26,736 INFO  org.apache.flink.runtime.taskexecutor.TaskManagerRunner       -  JVM Options:
2020-04-17 12:55:26,736 INFO  org.apache.flink.runtime.taskexecutor.TaskManagerRunner       -     -XX:+UseG1GC
2020-04-17 12:55:26,736 INFO  org.apache.flink.runtime.taskexecutor.TaskManagerRunner       -     -Xms448M
2020-04-17 12:55:26,736 INFO  org.apache.flink.runtime.taskexecutor.TaskManagerRunner       -     -Xmx448M
2020-04-17 12:55:26,736 INFO  org.apache.flink.runtime.taskexecutor.TaskManagerRunner       -     -XX:MaxDirectMemorySize=8388607T
2020-04-17 12:55:26,736 INFO  org.apache.flink.runtime.taskexecutor.TaskManagerRunner       -     -Dlog.file=/home/wlg/flink-1.8.0/log/flink-wlg-taskexecutor-0-s1.log
2020-04-17 12:55:26,736 INFO  org.apache.flink.runtime.taskexecutor.TaskManagerRunner       -     -Dlog4j.configuration=file:/home/wlg/flink-1.8.0/conf/log4j.properties
2020-04-17 12:55:26,737 INFO  org.apache.flink.runtime.taskexecutor.TaskManagerRunner       -     -Dlogback.configurationFile=file:/home/wlg/flink-1.8.0/conf/logback.xml
2020-04-17 12:55:26,737 INFO  org.apache.flink.runtime.taskexecutor.TaskManagerRunner       -  Program Arguments:
2020-04-17 12:55:26,737 INFO  org.apache.flink.runtime.taskexecutor.TaskManagerRunner       -     --configDir
2020-04-17 12:55:26,737 INFO  org.apache.flink.runtime.taskexecutor.TaskManagerRunner       -     /home/wlg/flink-1.8.0/conf
2020-04-17 12:55:26,737 INFO  org.apache.flink.runtime.taskexecutor.TaskManagerRunner       -  Classpath: /home/wlg/flink-1.8.0/lib/flink-metrics-prometheus-1.8.0.jar:/home/wlg/flink-1.8.0/lib/log4j-1.2.17.jar:/home/wlg/flink-1.8.0/lib/slf4j-log4j12-1.7.15.jar:/home/wlg/flink-1.8.0/lib/flink-dist_2.12-1.8.0.jar:::
2020-04-17 12:55:26,737 INFO  org.apache.flink.runtime.taskexecutor.TaskManagerRunner       - --------------------------------------------------------------------------------
2020-04-17 12:55:26,739 INFO  org.apache.flink.runtime.taskexecutor.TaskManagerRunner       - Registered UNIX signal handlers for [TERM, HUP, INT]
2020-04-17 12:55:26,744 INFO  org.apache.flink.runtime.taskexecutor.TaskManagerRunner       - Maximum number of open file descriptors is 4096.
2020-04-17 12:55:26,760 INFO  org.apache.flink.configuration.GlobalConfiguration            - Loading configuration property: jobmanager.rpc.address, master
2020-04-17 12:55:26,760 INFO  org.apache.flink.configuration.GlobalConfiguration            - Loading configuration property: jobmanager.rpc.port, 6123
2020-04-17 12:55:26,760 INFO  org.apache.flink.configuration.GlobalConfiguration            - Loading configuration property: jobmanager.heap.size, 512m
2020-04-17 12:55:26,760 INFO  org.apache.flink.configuration.GlobalConfiguration            - Loading configuration property: taskmanager.heap.size, 512m
2020-04-17 12:55:26,760 INFO  org.apache.flink.configuration.GlobalConfiguration            - Loading configuration property: taskmanager.numberOfTaskSlots, 1
2020-04-17 12:55:26,761 INFO  org.apache.flink.configuration.GlobalConfiguration            - Loading configuration property: parallelism.default, 1
2020-04-17 12:55:26,761 INFO  org.apache.flink.configuration.GlobalConfiguration            - Loading configuration property: taskmanager.network.memory.fraction, 0.1
2020-04-17 12:55:26,761 INFO  org.apache.flink.configuration.GlobalConfiguration            - Loading configuration property: taskmanager.network.memory.min, 64mb
2020-04-17 12:55:26,762 INFO  org.apache.flink.configuration.GlobalConfiguration            - Loading configuration property: taskmanager.network.memory.max, 512mb
2020-04-17 12:55:26,771 INFO  org.apache.flink.core.fs.FileSystem                           - Hadoop is not in the classpath/dependencies. The extended set of supported File Systems via Hadoop is not available.
2020-04-17 12:55:26,900 INFO  org.apache.flink.runtime.security.modules.HadoopModuleFactory  - Cannot create Hadoop Security Module because Hadoop cannot be found in the Classpath.
2020-04-17 12:55:26,933 INFO  org.apache.flink.runtime.security.SecurityUtils               - Cannot install HadoopSecurityContext because Hadoop cannot be found in the Classpath.
2020-04-17 12:55:27,360 INFO  org.apache.flink.configuration.Configuration                  - Config uses fallback configuration key 'jobmanager.rpc.address' instead of key 'rest.address'
2020-04-17 12:55:27,367 INFO  org.apache.flink.runtime.util.LeaderRetrievalUtils            - Trying to select the network interface and address to use by connecting to the leading JobManager.
2020-04-17 12:55:27,367 INFO  org.apache.flink.runtime.util.LeaderRetrievalUtils            - TaskManager will try to connect for 10000 milliseconds before falling back to heuristics
2020-04-17 12:55:27,371 INFO  org.apache.flink.runtime.net.ConnectionUtils                  - Retrieved new target address master/192.168.126.101:6123.
2020-04-17 12:55:27,377 INFO  org.apache.flink.runtime.taskexecutor.TaskManagerRunner       - TaskManager will use hostname/address 's1' (192.168.126.102) for communication.
2020-04-17 12:55:27,381 INFO  org.apache.flink.runtime.rpc.akka.AkkaRpcServiceUtils         - Trying to start actor system at 192.168.126.102:0
2020-04-17 12:55:27,896 INFO  akka.event.slf4j.Slf4jLogger                                  - Slf4jLogger started
2020-04-17 12:55:28,002 INFO  akka.remote.Remoting                                          - Starting remoting
2020-04-17 12:55:28,176 INFO  akka.remote.Remoting                                          - Remoting started; listening on addresses :[akka.tcp://flink@192.168.126.102:45506]
2020-04-17 12:55:28,192 INFO  org.apache.flink.runtime.rpc.akka.AkkaRpcServiceUtils         - Actor system started at akka.tcp://flink@192.168.126.102:45506
2020-04-17 12:55:28,200 INFO  org.apache.flink.runtime.taskexecutor.TaskManagerRunner       - Trying to start actor system at 192.168.126.102:0
2020-04-17 12:55:28,232 INFO  akka.event.slf4j.Slf4jLogger                                  - Slf4jLogger started
2020-04-17 12:55:28,243 INFO  akka.remote.Remoting                                          - Starting remoting
2020-04-17 12:55:28,254 INFO  akka.remote.Remoting                                          - Remoting started; listening on addresses :[akka.tcp://flink-metrics@192.168.126.102:45236]
2020-04-17 12:55:28,255 INFO  org.apache.flink.runtime.taskexecutor.TaskManagerRunner       - Actor system started at akka.tcp://flink-metrics@192.168.126.102:45236
2020-04-17 12:55:28,267 INFO  org.apache.flink.runtime.metrics.MetricRegistryImpl           - No metrics reporter configured, no metrics will be exposed/reported.
2020-04-17 12:55:28,276 INFO  org.apache.flink.runtime.blob.PermanentBlobCache              - Created BLOB cache storage directory /tmp/blobStore-9f13133f-22c2-4b34-bf01-20646e908cd1
2020-04-17 12:55:28,280 INFO  org.apache.flink.runtime.blob.TransientBlobCache              - Created BLOB cache storage directory /tmp/blobStore-b256f468-e068-4aea-8341-26b128182159
2020-04-17 12:55:28,280 INFO  org.apache.flink.runtime.taskexecutor.TaskManagerRunner       - Starting TaskManager with ResourceID: 02d2c229289a9c22f95c0823d60aa940
2020-04-17 12:55:28,284 INFO  org.apache.flink.runtime.io.network.netty.NettyConfig         - NettyConfig [server address: /192.168.126.102, server port: 0, ssl enabled: false, memory segment size (bytes): 32768, transport type: NIO, number of server threads: 1 (manual), number of client threads: 1 (manual), server connect backlog: 0 (use Netty's default), client connect timeout (sec): 120, send/receive buffer size (bytes): 0 (use Netty's default)]
2020-04-17 12:55:28,311 INFO  org.apache.flink.runtime.taskexecutor.TaskManagerServices     - Temporary file directory '/tmp': total 45 GB, usable 35 GB (77.78% usable)
2020-04-17 12:55:28,373 INFO  org.apache.flink.runtime.io.network.buffer.NetworkBufferPool  - Allocated 64 MB for network buffer pool (number of memory segments: 2048, bytes per segment: 32768).
2020-04-17 12:55:28,451 INFO  org.apache.flink.runtime.io.network.NetworkEnvironment        - Starting the network environment and its components.
2020-04-17 12:55:28,482 INFO  org.apache.flink.runtime.io.network.netty.NettyClient         - Successful initialization (took 28 ms).
2020-04-17 12:55:28,528 INFO  org.apache.flink.runtime.io.network.netty.NettyServer         - Successful initialization (took 46 ms). Listening on SocketAddress /192.168.126.102:44838.
2020-04-17 12:55:28,531 INFO  org.apache.flink.runtime.taskexecutor.TaskManagerServices     - Limiting managed memory to 0.7 of the currently free heap space (309 MB), memory will be allocated lazily.
2020-04-17 12:55:28,535 INFO  org.apache.flink.runtime.io.disk.iomanager.IOManager          - I/O manager uses directory /tmp/flink-io-6b3db09c-ad8f-4796-8548-e335634d3018 for spill files.
2020-04-17 12:55:28,635 INFO  org.apache.flink.runtime.taskexecutor.TaskManagerConfiguration  - Messages have a max timeout of 10000 ms
2020-04-17 12:55:28,647 INFO  org.apache.flink.runtime.rpc.akka.AkkaRpcService              - Starting RPC endpoint for org.apache.flink.runtime.taskexecutor.TaskExecutor at akka://flink/user/taskmanager_0 .
2020-04-17 12:55:28,678 INFO  org.apache.flink.runtime.taskexecutor.JobLeaderService        - Start job leader service.
2020-04-17 12:55:28,680 INFO  org.apache.flink.runtime.filecache.FileCache                  - User file cache uses directory /tmp/flink-dist-cache-deced6dd-0dc0-4727-8282-bd9c753c5657
2020-04-17 12:55:28,683 INFO  org.apache.flink.runtime.taskexecutor.TaskExecutor            - Connecting to ResourceManager akka.tcp://flink@master:6123/user/resourcemanager(00000000000000000000000000000000).
2020-04-17 12:55:29,034 INFO  org.apache.flink.runtime.taskexecutor.TaskExecutor            - Resolved ResourceManager address, beginning registration
2020-04-17 12:55:29,034 INFO  org.apache.flink.runtime.taskexecutor.TaskExecutor            - Registration at ResourceManager attempt 1 (timeout=100ms)
2020-04-17 12:55:29,134 INFO  org.apache.flink.runtime.taskexecutor.TaskExecutor            - Successful registration at resource manager akka.tcp://flink@master:6123/user/resourcemanager under registration id e770d4ad205851d184a37059dd2bfd7e.
2020-04-17 12:55:55,238 INFO  org.apache.flink.runtime.taskexecutor.TaskManagerRunner       - RECEIVED SIGNAL 15: SIGTERM. Shutting down as requested.
2020-04-17 12:55:55,251 INFO  org.apache.flink.runtime.state.TaskExecutorLocalStateStoresManager  - Shutting down TaskExecutorLocalStateStoresManager.
2020-04-17 12:55:55,253 INFO  org.apache.flink.runtime.blob.TransientBlobCache              - Shutting down BLOB cache
2020-04-17 12:55:55,263 INFO  org.apache.flink.runtime.blob.PermanentBlobCache              - Shutting down BLOB cache
2020-04-17 12:55:55,275 INFO  org.apache.flink.runtime.filecache.FileCache                  - removed file cache directory /tmp/flink-dist-cache-deced6dd-0dc0-4727-8282-bd9c753c5657
2020-04-17 12:55:55,299 INFO  org.apache.flink.runtime.io.disk.iomanager.IOManager          - I/O manager removed spill file directory /tmp/flink-io-6b3db09c-ad8f-4796-8548-e335634d3018
